"SIMULATED EQUIVALENT"   "OBSERVED VALUE"    "OBSERVATION NAME"
   6.11466827393E+01   3.34314994812E+01  1           
   3.53896369934E+01   3.55675010681E+01  2           
   5.47157325745E+01   5.59057998657E+01  4           
   8.83704757690E+01   6.29379997253E+01  5           
   1.56428466797E+02   1.45904006958E+02  6           
   2.99269466400E+01   3.14050998688E+01  7           
   1.03047157288E+02   4.18740005493E+01  8           
   9.22509078979E+01   5.75279998779E+01  9           
   7.53471450806E+01   4.83432998657E+01  12          
   9.80439605713E+01   2.16956005096E+01  16          
   1.46321701050E+02   1.10865997314E+02  17          
   1.21408859253E+02   9.65989990234E+01  18          
   7.36288604736E+01   1.02238998413E+02  20          
   7.85026855469E+01   6.78560028076E+01  21          
   4.56043853760E+01   4.28418998718E+01  22          
   1.28947677612E+02   9.76772003174E+01  23          
   1.36714141846E+02   1.04824996948E+02  24          
   1.37783096313E+02   1.10042999268E+02  25          
   4.69641838074E+01   7.10780000687E+00  26          
   6.71878356934E+01   6.43485031128E+01  27          
   2.59829158783E+01   2.59571990967E+01  28          
   1.05209693909E+02  -3.35970001221E+01  29          
   9.25273990631E+00   7.18380022049E+00  30          
   9.64164543152E+00   3.74699997902E+00  31          
   8.29404754639E+01   5.89953002930E+01  32          
   1.15122741699E+02   9.79369964600E+01  33          
   2.03062438965E+01   1.09575004578E+01  34          
   6.38162269592E+01   1.02223999023E+02  35          
   1.22561630249E+02   8.97213973999E+01  36          
   8.11460590363E+00   2.13400006294E+00  37          
   1.31754179001E+01   1.45410003662E+01  38          
   2.41394062042E+01   8.98690032959E+00  39          
   1.66517593384E+02   1.66212997437E+02  40          
   2.19074920654E+02   2.33180999756E+02  41          
   1.34071655273E+02   1.07817001343E+02  43          
   1.49700805664E+02   9.44550018311E+01  44          
   1.39164642334E+02   1.23125000000E+02  45          
   2.38232742310E+02   3.10319000244E+02  46          
   2.32412872314E+02   2.74101013184E+02  48          
   1.56756317139E+02   1.40391998291E+02  49          
   8.71442947388E+01   6.87559967041E+01  50          
   1.08917762756E+02   8.43349990845E+01  51          
   7.45173263550E+01   5.58409996033E+01  52          
   6.89796752930E+01   4.04258995056E+01  53          
   1.25663452148E+02   8.35999984741E+01  54          
   2.83224151611E+02   2.63356994629E+02  55          
   1.75710266113E+02   1.42602005005E+02  56          
   1.95522415161E+02   1.65438995361E+02  57          
   6.21850166321E+01   6.17183990479E+01  58          
   1.35290023804E+02   1.23725997925E+02  59          
   5.13007812500E+01   3.88083000183E+01  60          
   2.19682586670E+02   1.63449996948E+02  62          
   1.28100173950E+02   1.32106994629E+02  63          
   1.56457489014E+02   1.25266998291E+02  64          
   2.87965148926E+02   2.09811996460E+02  65          
   2.60004058838E+02   2.22537002563E+02  66          
   3.14063842773E+02   2.80020996094E+02  70          
   1.27946098328E+02   2.04580001831E+01  75          
   2.83329238892E+01   2.24612007141E+01  76          
   1.17338630676E+02  -1.09856002808E+02  77          
   1.76843795776E+01   4.59670019150E+00  78          
   1.57870529175E+02   9.23086013794E+01  79          
   4.38597145081E+01   3.99001998901E+01  85          
   4.69298248291E+01   4.44588012695E+01  86          
   4.56093940735E+01   3.82224998474E+01  87          
   1.48003936768E+02   1.21641998291E+02  89          
   1.51665176392E+02   6.72480010986E+01  90          
   1.50645782471E+02   1.53304992676E+02  92          
   2.44927200317E+02   1.91011001587E+02  94          
   2.54852539062E+02   2.42167007446E+02  95          
   2.06790344238E+02   2.44003005981E+02  96          
   6.12581138611E+01   5.18277015686E+01  97          
   2.99682800293E+02   3.09927001953E+02  105         
   9.54004058838E+01   8.98590011597E+01  106         
   1.53045898438E+02   5.90205993652E+01  108         
   1.67179656982E+02   1.37619003296E+02  109         
   1.48912292480E+02   1.44777999878E+02  110         
   1.74225158691E+02   1.42100997925E+02  112         
   1.59864685059E+02   1.76604995728E+02  113         
   2.30864883423E+02   2.24514007568E+02  114         
   2.27870758057E+02   2.21253005981E+02  115         
   1.13548530579E+02   9.09420013428E+01  116         
   9.09762878418E+01   8.58300018311E+01  117         
   1.35253784180E+02   9.33046035767E+01  118         
   2.80114021301E+01   1.74176998138E+01  119         
   2.56976375580E+01   8.00769996643E+00  120         
   2.50811786652E+01   1.13886003494E+01  121         
   9.20871582031E+01   4.69751014709E+01  122         
   2.56033599854E+02   2.16660003662E+02  132         
   1.92472656250E+02   3.60519981384E+01  134         
   1.29238403320E+02   1.20082000732E+02  135         
   1.28096237183E+02   8.65075988770E+01  136         
   2.06648315430E+02   1.70559005737E+02  141         
   1.40230834961E+02   1.09092002869E+02  143         
   3.03503837585E+01   1.41359996796E+00  144         
   2.21652488708E+01   1.44749999046E+00  145         
   1.40062744141E+02   1.28322998047E+02  146         
   2.05053237915E+02   1.82208999634E+02  149         
   1.22918251038E+02   8.48499984741E+01  150         
   2.18001968384E+02   1.16253997803E+02  153         
   2.13409591675E+02   1.74621002197E+02  154         
   2.89187240601E+01   3.21990013123E+01  155         
   4.53693351746E+01  -7.73309993744E+00  157         
   1.36148468018E+02   8.89599990845E+01  159         
   2.12129302979E+02   2.10065994263E+02  160         
   1.34748382568E+02   1.15816001892E+02  162         
   2.31839920044E+02   2.03266006470E+02  163         
   8.71097793579E+01   6.27196006775E+01  168         
   7.97269134521E+01   5.98870010376E+01  169         
   7.46581344604E+01   6.25890998840E+01  170         
   6.83039169312E+01   6.39035987854E+01  171         
   7.60484924316E+01   4.49739990234E+01  173         
   2.32748214722E+02   1.15949996948E+02  174         
   2.06326919556E+02   1.77901000977E+02  176         
   2.67206764221E+01   1.63481006622E+01  180         
   2.70802688599E+01   1.39516000748E+01  181         
   2.70648021698E+01   1.14160995483E+01  182         
   7.25150451660E+01   3.88674011230E+01  183         
   6.99663162231E+01   5.26069984436E+01  184         
   9.44348907471E+01   7.24841003418E+01  185         
   2.48212661743E+02   2.62350006104E+02  186         
   4.50449790955E+01   1.88691005707E+01  189         
   4.20810241699E+01   1.78973007202E+01  190         
   2.40550216675E+02   1.84548995972E+02  192         
   1.98708057404E+01   1.57833995819E+01  194         
   1.67815399170E+01   1.06014995575E+01  195         
   3.08521461487E+01   2.40093002319E+01  196         
   3.14690685272E+01   2.05527000427E+01  197         
   1.45130203247E+02   8.11378021240E+01  201         
   1.32931304932E+02   1.17074996948E+02  202         
   1.21829528809E+02   1.06405998230E+02  203         
   1.36644226074E+02   1.25885002136E+02  204         
   1.30930587769E+02   1.23282997131E+02  205         
   1.13971435547E+02   8.45729980469E+01  206         
   2.53631011963E+02   2.42880004883E+02  207         
   7.68598699570E+00   9.26918983459E+00  208         
   8.27429485321E+00   6.22669982910E+00  209         
   1.28752304077E+02   1.15962997437E+02  210         
   1.48520217896E+02   1.42973999023E+02  211         
   1.49226272583E+02   9.48040008545E+01  212         
   5.27504028320E+02   5.85885986328E+02  215         
   1.49168579102E+02   1.18379997253E+02  216         
   1.51298049927E+02   1.28533996582E+02  217         
   5.02726974487E+01   4.65553016663E+01  218         
   4.69303283691E+01   1.86872997284E+01  219         
   5.98028755188E+01  -1.23810994625E+00  220         
   4.62976303101E+01   3.74258003235E+01  221         
   2.67244995117E+02   2.21994995117E+02  222         
   2.38146224976E+02   2.80342987061E+02  226         
   2.40973526001E+02   2.04089004517E+02  227         
   2.00078552246E+02   1.29923004150E+02  235         
   3.11916198730E+01   2.50687999725E+01  236         
   6.05445594788E+01   4.88777999878E+01  239         
   2.41623191833E+01   1.62833995819E+01  242         
   2.41508636475E+01   1.59910001755E+01  243         
   5.23184547424E+01   3.51208992004E+01  245         
   5.30142364502E+01   3.19134998322E+01  248         
   5.36972312927E+01   5.33797988892E+01  249         
   2.37216400146E+02   1.61018997192E+02  250         
   2.39916000366E+02   1.77621994019E+02  251         
   2.58056427002E+02   1.92151000977E+02  252         
   2.44960418701E+02   2.31311004639E+02  253         
   1.91001892090E+02   2.09408996582E+02  254         
   6.54029235840E+01   3.85947990417E+01  255         
   5.12332611084E+01   2.82644996643E+01  256         
   5.46067161560E+01   3.63041000366E+01  257         
   2.54213455200E+02   2.45358993530E+02  259         
   2.54122543335E+02   2.47389999390E+02  260         
   2.84816406250E+02   2.93664001465E+02  267         
   1.06852325439E+02   7.80510025024E+01  268         
   1.18450141907E+02   5.66889991760E+01  271         
   4.07218627930E+02   4.21726989746E+02  272         
   2.57594852448E+01   1.94934997559E+01  274         
   2.40666946411E+02   1.87292007446E+02  278         
   4.83106384277E+01   3.56327018738E+01  279         
   5.90232620239E+01   6.79244995117E+01  280         
   1.33061056137E+01  -3.22280001640E+00  281         
   1.68098037720E+02   1.34315994263E+02  282         
   6.06370773315E+01   2.05529003143E+01  283         
   4.57907600403E+01   6.85360031128E+01  284         
   6.36749610901E+01   1.48671005249E+02  285         
   8.11433715820E+01   1.04724998474E+02  286         
   7.80834274292E+01   3.25239982605E+01  287         
   2.55768260956E+01   1.78684997559E+01  288         
   3.60266418457E+01   2.94440007210E+00  289         
   1.17026107788E+02   9.86029968262E+01  290         
   1.16151275635E+02   9.73254013062E+01  291         
   9.09245986938E+01   5.69119987488E+01  292         
   8.90435028076E+01   3.88734016418E+01  294         
   3.66264228821E+01   3.96651000977E+01  295         
   3.86849861145E+01  -1.26579999924E+00  296         
   5.99298553467E+01   7.00823974609E+01  297         
   6.19622802734E+01   6.52012023926E+01  298         
   4.10399627686E+01   3.57467994690E+01  299         
   4.66882972717E+01   3.77948989868E+01  300         
   5.02690048218E+01   4.05956001282E+01  301         
   5.00932655334E+01   4.10144996643E+01  302         
   4.23786849976E+01   4.02997016907E+01  303         
   4.78267707825E+01   4.07244987488E+01  304         
   5.60695800781E+01   5.88674011230E+01  306         
   1.47586364746E+02   9.03430023193E+01  307         
   4.47786331177E+01   3.38940010071E+01  308         
   6.57923049927E+01   6.50509033203E+01  310         
   2.07342491150E+01   1.25329999924E+01  312         
   1.45844894409E+02   1.23108001709E+02  313         
   2.75351684570E+02   1.87367004395E+02  314         
   1.50294128418E+02   1.49074996948E+02  315         
   4.16317199707E+02   4.56679992676E+02  317         
   9.55259399414E+02   9.50479980469E+02  318         
   1.19824853516E+03   1.24395996094E+03  319         
   1.13845190430E+03   1.21196997070E+03  320         
   1.19663317871E+03   1.28851000977E+03  321         
   5.97606872559E+02   7.19460021973E+02  322         
   2.52414245605E+02   2.54218994141E+02  323         
   2.51890243530E+02   2.55621002197E+02  324         
   4.23914398193E+02   5.84729980469E+02  325         
   3.68365051270E+02   5.08114990234E+02  326         
   8.01636596680E+02   8.01867980957E+02  327         
   8.77276977539E+02   9.94317993164E+02  328         
   1.08623217773E+03   1.10695996094E+03  329         
   1.09633630371E+03   1.14180004883E+03  330         
   1.68610946655E+02   1.93923004150E+02  331         
   3.30868255615E+02   3.29562011719E+02  332         
   4.07124694824E+02   3.99709991455E+02  333         
   4.04580017090E+02   3.82410003662E+02  334         
   4.55164123535E+02   4.69467987061E+02  335         
   4.31234069824E+02   4.24088989258E+02  336         
   4.70134063721E+02   5.11372009277E+02  337         
   3.00875427246E+02   2.99787994385E+02  338         
   3.96860504150E+02   4.45480987549E+02  339         
   1.49226943970E+02   2.03669998169E+02  340         
   1.43875366211E+02   1.28819000244E+02  341         
   7.26870422363E+02   7.07973999023E+02  342         
   5.89621459961E+02   7.16552978516E+02  343         
   5.80814147949E+02   5.77208007812E+02  344         
   3.78951354980E+02   4.45519989014E+02  345         
   5.16141174316E+02   5.97663024902E+02  346         
   5.46604309082E+02   6.96340026855E+02  347         
   5.45979553223E+02   6.22002014160E+02  348         
   6.81253234863E+02   7.55023010254E+02  349         
   9.35413589478E+01   1.55268005371E+02  351         
   7.69758911133E+01   5.93862991333E+01  352         
   1.96938186646E+02   1.99699005127E+02  353         
   1.68356491089E+02   1.51643997192E+02  357         
   2.46073303223E+02   1.98242004395E+02  358         
   2.40171798706E+02   2.61842987061E+02  359         
   2.01746688843E+02   2.19914993286E+02  360         
   4.89290985107E+02   4.66713989258E+02  361         
   4.77494903564E+02   5.77101989746E+02  362         
   1.65483428955E+02   2.52287002563E+02  363         
   4.31507324219E+02   4.41537994385E+02  365         
   4.17481048584E+02   4.17605987549E+02  366         
   4.75205291748E+02   4.62760986328E+02  367         
   4.39628509521E+02   4.40066009521E+02  368         
   4.48316955566E+02   5.35216003418E+02  369         
   3.35021423340E+02   4.01460998535E+02  370         
   3.66645996094E+02   3.84921997070E+02  372         
   2.97722110748E+01   3.40960006714E+01  373         
   2.99563808441E+01   2.50510005951E+01  374         
   9.75731086731E+00   1.39892997742E+01  375         
   3.38663530350E+00   3.59589004517E+00  376         
   2.98672127724E+00   3.67717003822E+00  377         
   9.22417449951E+00   1.24841003418E+01  380         
   4.45268516541E+01   4.69598999023E+01  381         
   3.34995040894E+01   4.21777000427E+01  382         
   3.03964519501E+01   3.16196002960E+01  383         
   3.87544059753E+01   4.29874000549E+01  384         
   2.24270582199E+00   1.62378001213E+00  385         
   1.84148144722E+00   1.61957001686E+00  386         
   2.24228096008E+00   1.62731003761E+00  387         
   4.47423591614E+01   4.77617988586E+01  388         
   2.35007882118E+00   5.26146984100E+00  389         
   2.76823539734E+01   2.98131999969E+01  392         
   8.62357101440E+01   8.52440032959E+01  393         
   2.48600215912E+01   2.26243991852E+01  394         
   1.78320598602E+01   1.73209991455E+01  395         
   1.52161331177E+01   1.69326000214E+01  396         
   5.60786819458E+01   6.00540008545E+01  397         
   6.17170333862E+01   6.53223037720E+01  398         
   7.47999668121E+00   9.81159019470E+00  399         
   4.35413894653E+01   4.21395988464E+01  400         
   2.00537662506E+01   2.63971996307E+01  401         
   8.00334930420E+01   8.71131973267E+01  402         
   1.61478290558E+01   1.47454996109E+01  403         
   1.81035175323E+01   1.71340999603E+01  404         
   1.67890300751E+01   1.81912994385E+01  405         
   3.68149375916E+01   4.01099014282E+01  406         
   6.56716995239E+01   6.93395996094E+01  407         
   4.20108032227E+02   4.31627990723E+02  408         
   3.85212768555E+02   3.47701995850E+02  409         
   3.17045867920E+02   3.17294006348E+02  410         
   2.72596435547E+02   2.72299011230E+02  411         
   2.78335510254E+02   2.76039001465E+02  412         
   2.79930175781E+02   2.75640991211E+02  413         
   2.83038696289E+02   2.85191986084E+02  414         
   2.83227905273E+02   2.79240997314E+02  415         
   2.82683898926E+02   2.79044006348E+02  416         
   2.70610931396E+02   2.74946014404E+02  417         
   2.85550994873E+02   2.81632995605E+02  418         
   2.86058410645E+02   2.83773010254E+02  419         
   2.89631378174E+02   2.88153991699E+02  420         
   2.88824005127E+02   2.85997985840E+02  421         
   2.95813110352E+02   2.92700012207E+02  422         
   2.91873626709E+02   2.90621002197E+02  423         
   2.93098571777E+02   2.89386993408E+02  424         
   2.96041046143E+02   2.95994995117E+02  425         
   2.98256439209E+02   3.01244995117E+02  426         
   2.95539123535E+02   2.88432006836E+02  427         
   3.01329681396E+02   2.99049987793E+02  428         
   3.03188781738E+02   2.96700988770E+02  429         
   3.05219024658E+02   3.04437988281E+02  430         
   2.71002471924E+02   2.80183013916E+02  431         
   3.06213928223E+02   3.08346008301E+02  432         
   3.08925872803E+02   3.03011993408E+02  433         
   3.28410034180E+02   3.23550994873E+02  434         
   3.26885772705E+02   3.21436004639E+02  435         
   3.08223968506E+02   3.05446990967E+02  436         
   3.61474304199E+02   3.85834991455E+02  437         
   3.65295532227E+02   3.58549987793E+02  438         
   3.67584686279E+02   3.69016998291E+02  439         
   3.87394256592E+02   3.89480987549E+02  440         
   3.14188262939E+02   3.30265014648E+02  441         
   6.85393310547E+02   7.90536987305E+02  442         
   6.72623718262E+02   7.99435974121E+02  443         
   3.75368927002E+02   3.66263000488E+02  444         
   2.61362701416E+02   2.75524993896E+02  445         
   2.62474182129E+02   2.60084014893E+02  446         
   2.66977813721E+02   2.80718994141E+02  447         
   2.72493804932E+02   2.67092010498E+02  448         
   2.71274841309E+02   2.69406005859E+02  449         
   2.96812347412E+02   3.02605010986E+02  450         
   4.20106964111E+02   4.40878997803E+02  451         
   3.29951568604E+02   3.28045989990E+02  452         
   3.37568878174E+02   3.34128997803E+02  453         
   3.42599700928E+02   3.34140991211E+02  454         
   3.49938507080E+02   3.37459991455E+02  455         
   4.13921051025E+02   4.29596008301E+02  456         
   4.46418365479E+02   4.44126007080E+02  457         
   4.47887573242E+02   4.79812988281E+02  458         
   6.99438537598E+02   8.56356018066E+02  459         
   5.48292419434E+02   5.66007995605E+02  460         
   3.98495178223E+02   3.87970001221E+02  461         
   4.20044921875E+02   3.89065002441E+02  462         
